2023-12-06 14:58:36 INFO  URL:19 - URI End Point : https://jnswdazms1.execute-api.us-east-1.amazonaws.com/dev/cognito-login
2023-12-06 14:58:36 INFO  Base:114 - Inside PayloadConverter function
2023-12-06 14:58:39 INFO  Base:134 - Inside POSTRequest call
2023-12-06 14:58:40 INFO  TestUtils:38 - Getting Response Code
2023-12-06 14:58:40 INFO  TestUtils:40 - Status Code: 200
2023-12-06 14:58:40 INFO  TestUtils:25 - Status Code is returned as expected.
2023-12-06 14:58:40 INFO  TestUtils:64 - Getting Response Message
2023-12-06 14:58:40 INFO  TestUtils:66 - Response Message for message: Incorrect username or password.
2023-12-06 14:58:40 INFO  TestUtils:34 - Both texts are same
2023-12-06 14:58:40 INFO  URL:19 - URI End Point : https://jnswdazms1.execute-api.us-east-1.amazonaws.com/dev/cognito-login
2023-12-06 14:58:40 INFO  Base:114 - Inside PayloadConverter function
2023-12-06 14:58:40 INFO  Base:134 - Inside POSTRequest call
2023-12-06 14:58:41 INFO  TestUtils:38 - Getting Response Code
2023-12-06 14:58:41 INFO  TestUtils:40 - Status Code: 200
2023-12-06 14:58:41 INFO  TestUtils:25 - Status Code is returned as expected.
2023-12-06 14:58:41 INFO  TestUtils:64 - Getting Response Message
2023-12-06 14:58:41 INFO  TestUtils:66 - Response Message for message: Log in successfully!
2023-12-06 14:58:41 INFO  TestUtils:34 - Both texts are same
2023-12-06 14:58:41 INFO  URL:19 - URI End Point : https://jnswdazms1.execute-api.us-east-1.amazonaws.com/dev/toll-collection-list
2023-12-06 14:58:41 INFO  Base:148 - Inside GETRequest call
2023-12-06 14:58:44 INFO  TestUtils:38 - Getting Response Code
2023-12-06 14:58:44 INFO  TestUtils:40 - Status Code: 200
2023-12-06 14:58:44 INFO  TestUtils:25 - Status Code is returned as expected.
2023-12-06 14:58:44 INFO  TestUtils:64 - Getting Response Message
2023-12-06 14:58:44 INFO  TestUtils:66 - Response Message for message: success
2023-12-06 14:58:44 INFO  TestUtils:34 - Both texts are same
2023-12-06 14:58:44 INFO  TestUtils:64 - Getting Response Message
2023-12-06 14:58:44 INFO  TestUtils:66 - Response Message for statusCode: 200
2023-12-06 14:58:44 INFO  TestUtils:34 - Both texts are same
2023-12-06 14:58:44 INFO  Base:114 - Inside PayloadConverter function
2023-12-06 14:58:44 INFO  URL:19 - URI End Point : https://jnswdazms1.execute-api.us-east-1.amazonaws.com/dev/tollcollection
2023-12-06 14:58:44 INFO  Base:134 - Inside POSTRequest call
2023-12-06 14:58:47 INFO  TestUtils:38 - Getting Response Code
2023-12-06 14:58:47 INFO  TestUtils:40 - Status Code: 200
2023-12-06 14:58:47 INFO  TestUtils:25 - Status Code is returned as expected.
2023-12-06 14:58:47 INFO  TestUtils:64 - Getting Response Message
2023-12-06 14:58:47 INFO  TestUtils:66 - Response Message for message: success
2023-12-06 14:58:47 INFO  TestUtils:34 - Both texts are same
2023-12-06 14:58:47 INFO  URL:19 - URI End Point : https://jnswdazms1.execute-api.us-east-1.amazonaws.com/dev/cognito-create-user
2023-12-06 14:58:47 INFO  TestUtils:27 - Env Name: stage
2023-12-06 14:58:47 INFO  Base:134 - Inside POSTRequest call
2023-12-06 14:58:49 INFO  TestUtils:38 - Getting Response Code
2023-12-06 14:58:49 INFO  TestUtils:40 - Status Code: 200
2023-12-06 14:58:49 INFO  TestUtils:25 - Status Code is returned as expected.
2023-12-06 14:58:49 INFO  TestUtils:64 - Getting Response Message
2023-12-06 14:58:49 INFO  TestUtils:66 - Response Message for message: User Created successfully!
2023-12-06 14:58:49 INFO  TestUtils:34 - Both texts are same
2023-12-06 14:58:50 INFO  URL:19 - URI End Point : https://jnswdazms1.execute-api.us-east-1.amazonaws.com/dev/cognito-create-user
2023-12-06 14:58:50 INFO  TestUtils:27 - Env Name: stage
2023-12-06 14:58:50 INFO  Base:134 - Inside POSTRequest call
2023-12-06 14:58:50 INFO  TestUtils:38 - Getting Response Code
2023-12-06 14:58:50 INFO  TestUtils:40 - Status Code: 200
2023-12-06 14:58:50 INFO  TestUtils:25 - Status Code is returned as expected.
2023-12-06 14:58:50 INFO  TestUtils:64 - Getting Response Message
2023-12-06 14:58:50 INFO  TestUtils:66 - Response Message for statusCode: 400
2023-12-06 14:58:50 INFO  TestUtils:34 - Both texts are same
2023-12-06 14:58:50 INFO  TestUtils:64 - Getting Response Message
2023-12-06 14:58:50 INFO  TestUtils:66 - Response Message for message: User account already exists
2023-12-06 14:58:50 INFO  TestUtils:34 - Both texts are same
